<?xml version="1.0" encoding="UTF-8"?>
<!-- Generated by org.testng.reporters.JUnitXMLReporter -->
<testsuite ignored="0" hostname="ASHI222" failures="1" tests="1" name="BankingApp Test" time="4.319" errors="0" timestamp="2024-07-26T19:28:48 IST">
  <testcase classname="com.inetbanking.testCases.TC_LoginDDT_002" name="loginDDT" time="2.913">
    <failure type="org.testng.internal.reflect.MethodMatcherException" message="
[public void com.inetbanking.testCases.TC_LoginDDT_002.loginDDT(java.lang.String,java.lang.String) throws java.lang.InterruptedException] has no parameters defined but was found to be using a data provider (either explicitly specified or inherited from class level annotation).
Data provider mismatch
Method: loginDDT([java.lang.String arg0, java.lang.String arg1])
Arguments: [(java.lang.String) mngr577204,(java.lang.String) YgAnEmY,(java.lang.String) ,(java.lang.String) ,(java.lang.String) ,(java.lang.String) ,(java.lang.String) ]">
      <![CDATA[org.testng.internal.reflect.MethodMatcherException: 
[public void com.inetbanking.testCases.TC_LoginDDT_002.loginDDT(java.lang.String,java.lang.String) throws java.lang.InterruptedException] has no parameters defined but was found to be using a data provider (either explicitly specified or inherited from class level annotation).
Data provider mismatch
Method: loginDDT([java.lang.String arg0, java.lang.String arg1])
Arguments: [(java.lang.String) mngr577204,(java.lang.String) YgAnEmY,(java.lang.String) ,(java.lang.String) ,(java.lang.String) ,(java.lang.String) ,(java.lang.String) ]
at java.base/java.util.ArrayList.forEach(ArrayList.java:1596)
... Removed 22 stack frames]]>
    </failure>
  </testcase> <!-- loginDDT -->
</testsuite> <!-- BankingApp Test -->
